
SQL*Loader: Release 11.2.0.2.0 - Production on Vie Abr 12 22:25:55 2019

Copyright (c) 1982, 2009, Oracle and/or its affiliates.  All rights reserved.

Control File:   CTL_MM_UBIGEOS.CTL
Data File:      RC_UBIGEOS_FINAL_f.txt
  Bad File:     RC_UBIGEOS_FINAL_f.bad
  Discard File:  none specified
 
 (Allow all discards)

Number to load: ALL
Number to skip: 1
Errors allowed: 50
Bind array:     64 rows, maximum of 256000 bytes
Continuation:    none specified
Path used:      Conventional

Table MM_UBIGEOS, loaded from every logical record.
Insert option in effect for this table: TRUNCATE
TRAILING NULLCOLS option in effect

   Column Name                  Position   Len  Term Encl Datatype
------------------------------ ---------- ----- ---- ---- ---------------------
UBIGEO                              FIRST     *  WHT      CHARACTER            
DEPARTAMENTO                         NEXT     *  WHT      CHARACTER            
PROVINCIA                            NEXT     *  WHT      CHARACTER            
DISTRITO                             NEXT     *  WHT      CHARACTER            
CODIGO                               NEXT     *  WHT      CHARACTER            
DISTRITO_DET                         NEXT     *  WHT      CHARACTER            
FLGZONA                              NEXT     *  WHT      CHARACTER            
CENTROSNEGOCIO                       NEXT     *  WHT      CHARACTER            
FLGPROVCENTROSNEGOCIO                NEXT     *  WHT      CHARACTER            
DISTRITO_AGG                         NEXT     *  WHT      CHARACTER            
FLGCIUDAD                            NEXT     *  WHT      CHARACTER            


Table MM_UBIGEOS:
  1834 Rows successfully loaded.
  0 Rows not loaded due to data errors.
  0 Rows not loaded because all WHEN clauses were failed.
  0 Rows not loaded because all fields were null.


Space allocated for bind array:                 181632 bytes(64 rows)
Read   buffer bytes: 1048576

Total logical records skipped:          1
Total logical records read:          1834
Total logical records rejected:         0
Total logical records discarded:        0

Run began on Vie Abr 12 22:25:55 2019
Run ended on Vie Abr 12 22:25:56 2019

Elapsed time was:     00:00:00.81
CPU time was:         00:00:00.03
