
SQL*Loader: Release 11.2.0.2.0 - Production on Lun Abr 22 21:38:25 2019

Copyright (c) 1982, 2009, Oracle and/or its affiliates.  All rights reserved.

Control File:   CTL_TMP_CLIENTES.CTL
Data File:      DATA_CLIENTESRCC.TXT
  Bad File:     DATA_CLIENTESRCC.bad
  Discard File:  none specified
 
 (Allow all discards)

Number to load: ALL
Number to skip: 1
Errors allowed: 50
Bind array:     64 rows, maximum of 256000 bytes
Continuation:    none specified
Path used:      Conventional

Table TMP_CLIENTES, loaded from every logical record.
Insert option in effect for this table: TRUNCATE
TRAILING NULLCOLS option in effect

   Column Name                  Position   Len  Term Encl Datatype
------------------------------ ---------- ----- ---- ---- ---------------------
PERIODO                             FIRST     *   |       CHARACTER            
TIP_REG                              NEXT     *   |       CHARACTER            
COD_SBS_CLI                          NEXT     *   |       CHARACTER            
FEC_REPORTE                          NEXT     *   |       CHARACTER            
TIP_DOC_TRI                          NEXT     *   |       CHARACTER            
RUC                                  NEXT     *   |       CHARACTER            
TIP_DOC_IDE                          NEXT     *   |       CHARACTER            
DOC_IDENTIDAD                        NEXT     *   |       CHARACTER            
TIP_PERSONA                          NEXT     *   |       CHARACTER            
TIP_EMPRESA                          NEXT     *   |       CHARACTER            
CAN_EMPRESA                          NEXT     *   |       CHARACTER            
DEU_CALIF0                           NEXT     *   |       CHARACTER            
DEU_CALIF1                           NEXT     *   |       CHARACTER            
DEU_CALIF2                           NEXT     *   |       CHARACTER            
DEU_CALIF3                           NEXT     *   |       CHARACTER            
DEU_CALIF4                           NEXT     *   |       CHARACTER            
RAZ_SOC_O_AP                         NEXT     *   |       CHARACTER            
APE_MATERNA                          NEXT     *   |       CHARACTER            
APE_CASADA                           NEXT     *   |       CHARACTER            
NOMBRE1                              NEXT     *   |       CHARACTER            
NOMBRE2                              NEXT     *   |       CHARACTER            

value used for ROWS parameter changed from 64 to 47

Table TMP_CLIENTES:
  334777 Rows successfully loaded.
  0 Rows not loaded due to data errors.
  0 Rows not loaded because all WHEN clauses were failed.
  0 Rows not loaded because all fields were null.


Space allocated for bind array:                 254646 bytes(47 rows)
Read   buffer bytes: 1048576

Total logical records skipped:          1
Total logical records read:        334777
Total logical records rejected:         0
Total logical records discarded:        0

Run began on Lun Abr 22 21:38:25 2019
Run ended on Lun Abr 22 21:41:11 2019

Elapsed time was:     00:02:45.39
CPU time was:         00:00:02.74
