
SQL*Loader: Release 11.2.0.2.0 - Production on Sáb Abr 13 00:46:26 2019

Copyright (c) 1982, 2009, Oracle and/or its affiliates.  All rights reserved.

Control File:   CTL_MM_DEUDAS.CTL
Data File:      Deudas_RCCs.txt
  Bad File:     Deudas_RCCs.bad
  Discard File:  none specified
 
 (Allow all discards)

Number to load: ALL
Number to skip: 1
Errors allowed: 50
Bind array:     64 rows, maximum of 256000 bytes
Continuation:    none specified
Path used:      Conventional

Table MM_DEUDAS, loaded from every logical record.
Insert option in effect for this table: TRUNCATE
TRAILING NULLCOLS option in effect

   Column Name                  Position   Len  Term Encl Datatype
------------------------------ ---------- ----- ---- ---- ---------------------
PERIODO                             FIRST     *  WHT O(") CHARACTER            
TIP_REG                              NEXT     *  WHT O(") CHARACTER            
COD_SBS_CLI                          NEXT     *  WHT O(") CHARACTER            
COD_EMPRESA                          NEXT     *  WHT O(") CHARACTER            
    SQL string for column : "LPAD(:COD_EMPRESA,5,0)"
TIP_CREDITO                          NEXT     *  WHT O(") CHARACTER            
COD_CUENTA                           NEXT     *  WHT O(") CHARACTER            
CONDICION                            NEXT     *  WHT O(") CHARACTER            
SALDO                                NEXT     *  WHT O(") CHARACTER            
CLASIFICACION                        NEXT     *  WHT O(") CHARACTER            
SITCRE                               NEXT     *  WHT O(") CHARACTER            
TARJ                                 NEXT     *  WHT O(") CHARACTER            
SLDVIG                               NEXT     *  WHT O(") CHARACTER            


Table MM_DEUDAS:
  2099544 Rows successfully loaded.
  0 Rows not loaded due to data errors.
  0 Rows not loaded because all WHEN clauses were failed.
  0 Rows not loaded because all fields were null.


Space allocated for bind array:                 198144 bytes(64 rows)
Read   buffer bytes: 1048576

Total logical records skipped:          1
Total logical records read:       2099544
Total logical records rejected:         0
Total logical records discarded:        0

Run began on Sáb Abr 13 00:46:26 2019
Run ended on Sáb Abr 13 00:47:05 2019

Elapsed time was:     00:00:38.91
CPU time was:         00:00:09.59
