
SQL*Loader: Release 11.2.0.2.0 - Production on Sáb Abr 13 01:55:26 2019

Copyright (c) 1982, 2009, Oracle and/or its affiliates.  All rights reserved.

Control File:   CTL_MM_ONPE.CTL
Data File:      DATA_ONPE.txt
  Bad File:     DATA_ONPE.bad
  Discard File:  none specified
 
 (Allow all discards)

Number to load: ALL
Number to skip: 0
Errors allowed: 50
Bind array:     64 rows, maximum of 256000 bytes
Continuation:    none specified
Path used:      Conventional

Table MM_ONPE, loaded from every logical record.
Insert option in effect for this table: TRUNCATE
TRAILING NULLCOLS option in effect

   Column Name                  Position   Len  Term Encl Datatype
------------------------------ ---------- ----- ---- ---- ---------------------
NUMDOC                              FIRST     *   |       CHARACTER            
DIGVER                               NEXT     *   |       CHARACTER            
GRPVOT                               NEXT     *   |       CHARACTER            
UBIGEO                               NEXT     *   |       CHARACTER            
APPATERNO                            NEXT     *   |       CHARACTER            
APMATERNO                            NEXT     *   |       CHARACTER            
NOMBRES                              NEXT     *   |       CHARACTER            
FECNAC                               NEXT     *   |       CHARACTER            
SEXO                                 NEXT     *   |       CHARACTER            
GRDINST                              NEXT     *   |       CHARACTER            
EDAD                                 NEXT     *   |       CHARACTER            
    SQL string for column : "ROUND((SYSDATE - TO_DATE(:FecNac,'YYYYMMDD'))/365)"


Table MM_ONPE:
  28525 Rows successfully loaded.
  0 Rows not loaded due to data errors.
  0 Rows not loaded because all WHEN clauses were failed.
  0 Rows not loaded because all fields were null.


Space allocated for bind array:                 181632 bytes(64 rows)
Read   buffer bytes: 1048576

Total logical records skipped:          0
Total logical records read:         28525
Total logical records rejected:         0
Total logical records discarded:        0

Run began on Sáb Abr 13 01:55:26 2019
Run ended on Sáb Abr 13 01:55:28 2019

Elapsed time was:     00:00:01.54
CPU time was:         00:00:00.24
